ERROR 2019-04-26 21:35:30,812 exception 135 Internal Server Error: /index/
Traceback (most recent call last):
  File "/home/python/.virtualenvs/work_virtual01/lib/python3.6/site-packages/django/core/handlers/exception.py", line 41, in inner
    response = get_response(request)
  File "/home/python/.virtualenvs/work_virtual01/lib/python3.6/site-packages/django/utils/deprecation.py", line 138, in __call__
    response = self.process_request(request)
  File "/home/python/.virtualenvs/work_virtual01/lib/python3.6/site-packages/django/contrib/sessions/middleware.py", line 20, in process_request
    request.session = self.SessionStore(session_key)
  File "/home/python/.virtualenvs/work_virtual01/lib/python3.6/site-packages/django/contrib/sessions/backends/cache.py", line 18, in __init__
    self._cache = caches[settings.SESSION_CACHE_ALIAS]
  File "/home/python/.virtualenvs/work_virtual01/lib/python3.6/site-packages/django/core/cache/__init__.py", line 77, in __getitem__
    "Could not find config for '%s' in settings.CACHES" % alias
django.core.cache.backends.base.InvalidCacheBackendError: Could not find config for 'session' in settings.CACHES
ERROR 2019-04-26 21:35:30,877 basehttp 124 "GET /index/ HTTP/1.1" 500 71427
WARNING 2019-04-26 21:39:37,324 base 152 Not Found: /index/
WARNING 2019-04-26 21:39:37,342 basehttp 124 "GET /index/ HTTP/1.1" 404 2052
WARNING 2019-04-26 21:41:50,936 base 152 Not Found: /index
WARNING 2019-04-26 21:41:50,940 basehttp 124 "GET /index HTTP/1.1" 404 2049
WARNING 2019-04-26 21:42:30,902 base 152 Not Found: /user1/index
WARNING 2019-04-26 21:42:30,906 basehttp 124 "GET /user1/index HTTP/1.1" 404 2067
INFO 2019-04-26 21:43:04,687 basehttp 124 "GET /users1/index HTTP/1.1" 200 17
INFO 2019-04-26 21:43:56,834 basehttp 124 "GET /users1/index HTTP/1.1" 200 17
INFO 2019-04-26 21:44:02,440 basehttp 124 "GET /index HTTP/1.1" 200 17
WARNING 2019-04-26 22:16:00,698 base 152 Not Found: /
WARNING 2019-04-26 22:16:00,705 basehttp 124 "GET / HTTP/1.1" 404 2085
WARNING 2019-04-26 22:16:12,152 base 152 Not Found: /
WARNING 2019-04-26 22:16:12,164 basehttp 124 "GET / HTTP/1.1" 404 2085
INFO 2019-04-26 22:16:22,542 basehttp 124 "GET /register/ HTTP/1.1" 200 3466
WARNING 2019-04-26 22:20:23,332 base 152 Not Found: /
WARNING 2019-04-26 22:20:23,333 basehttp 124 "GET / HTTP/1.1" 404 2085
WARNING 2019-04-26 22:20:23,612 base 152 Not Found: /
WARNING 2019-04-26 22:20:23,613 basehttp 124 "GET / HTTP/1.1" 404 2085
WARNING 2019-04-26 22:20:25,610 base 152 Not Found: /
WARNING 2019-04-26 22:20:25,611 basehttp 124 "GET / HTTP/1.1" 404 2085
INFO 2019-04-26 22:20:34,218 basehttp 124 "GET /register/ HTTP/1.1" 200 3466
WARNING 2019-04-26 23:48:58,088 base 152 Not Found: /
WARNING 2019-04-26 23:48:58,089 basehttp 124 "GET / HTTP/1.1" 404 2085
WARNING 2019-04-26 23:48:58,115 base 152 Not Found: /
WARNING 2019-04-26 23:48:58,134 basehttp 124 "GET / HTTP/1.1" 404 2085
WARNING 2019-04-26 23:49:00,442 base 152 Not Found: /
WARNING 2019-04-26 23:49:00,446 basehttp 124 "GET / HTTP/1.1" 404 2085
INFO 2019-04-26 23:49:06,483 basehttp 124 "GET /register/ HTTP/1.1" 200 3466
WARNING 2019-04-27 18:17:33,933 base 152 Not Found: /
WARNING 2019-04-27 18:17:33,936 basehttp 124 "GET / HTTP/1.1" 404 2085
WARNING 2019-04-27 18:17:33,953 base 152 Not Found: /
WARNING 2019-04-27 18:17:33,954 basehttp 124 "GET / HTTP/1.1" 404 2085
WARNING 2019-04-27 18:17:33,982 base 152 Not Found: /
WARNING 2019-04-27 18:17:33,982 basehttp 124 "GET / HTTP/1.1" 404 2085
WARNING 2019-04-27 18:17:33,992 base 152 Not Found: /
WARNING 2019-04-27 18:17:33,993 basehttp 124 "GET / HTTP/1.1" 404 2085
WARNING 2019-04-27 18:17:34,013 base 152 Not Found: /
WARNING 2019-04-27 18:17:34,022 basehttp 124 "GET / HTTP/1.1" 404 2085
WARNING 2019-04-27 18:17:34,168 base 152 Not Found: /favicon.ico
WARNING 2019-04-27 18:17:34,174 basehttp 124 "GET /favicon.ico HTTP/1.1" 404 2136
WARNING 2019-04-27 18:17:34,241 base 152 Not Found: /favicon.ico
WARNING 2019-04-27 18:17:34,243 basehttp 124 "GET /favicon.ico HTTP/1.1" 404 2136
INFO 2019-04-27 18:17:40,838 basehttp 124 "GET /register/ HTTP/1.1" 200 3466
INFO 2019-04-27 20:23:19,468 basehttp 124 "GET /register/ HTTP/1.1" 200 3466
INFO 2019-04-27 20:23:55,064 basehttp 124 "GET /register/ HTTP/1.1" 200 3466
ERROR 2019-04-27 20:53:53,947 exception 135 Internal Server Error: /
Traceback (most recent call last):
  File "/home/python/.virtualenvs/work_virtual01/lib/python3.6/site-packages/django/core/handlers/exception.py", line 41, in inner
    response = get_response(request)
  File "/home/python/.virtualenvs/work_virtual01/lib/python3.6/site-packages/django/core/handlers/base.py", line 187, in _get_response
    response = self.process_exception_by_middleware(e, request)
  File "/home/python/.virtualenvs/work_virtual01/lib/python3.6/site-packages/django/core/handlers/base.py", line 185, in _get_response
    response = wrapped_callback(request, *callback_args, **callback_kwargs)
  File "/home/python/.virtualenvs/work_virtual01/lib/python3.6/site-packages/django/views/generic/base.py", line 68, in view
    return self.dispatch(request, *args, **kwargs)
  File "/home/python/.virtualenvs/work_virtual01/lib/python3.6/site-packages/django/views/generic/base.py", line 88, in dispatch
    return handler(request, *args, **kwargs)
  File "/home/python/Desktop/work/job1/job1/apps/contents/views.py", line 12, in get
    return render(request, 'index.html')
  File "/home/python/.virtualenvs/work_virtual01/lib/python3.6/site-packages/django/shortcuts.py", line 30, in render
    content = loader.render_to_string(template_name, context, request, using=using)
  File "/home/python/.virtualenvs/work_virtual01/lib/python3.6/site-packages/django/template/loader.py", line 67, in render_to_string
    template = get_template(template_name, using=using)
  File "/home/python/.virtualenvs/work_virtual01/lib/python3.6/site-packages/django/template/loader.py", line 25, in get_template
    raise TemplateDoesNotExist(template_name, chain=chain)
django.template.exceptions.TemplateDoesNotExist: index.html
ERROR 2019-04-27 20:53:54,020 basehttp 124 "GET / HTTP/1.1" 500 92258
ERROR 2019-04-27 20:53:59,553 exception 135 Internal Server Error: /
Traceback (most recent call last):
  File "/home/python/.virtualenvs/work_virtual01/lib/python3.6/site-packages/django/core/handlers/exception.py", line 41, in inner
    response = get_response(request)
  File "/home/python/.virtualenvs/work_virtual01/lib/python3.6/site-packages/django/core/handlers/base.py", line 187, in _get_response
    response = self.process_exception_by_middleware(e, request)
  File "/home/python/.virtualenvs/work_virtual01/lib/python3.6/site-packages/django/core/handlers/base.py", line 185, in _get_response
    response = wrapped_callback(request, *callback_args, **callback_kwargs)
  File "/home/python/.virtualenvs/work_virtual01/lib/python3.6/site-packages/django/views/generic/base.py", line 68, in view
    return self.dispatch(request, *args, **kwargs)
  File "/home/python/.virtualenvs/work_virtual01/lib/python3.6/site-packages/django/views/generic/base.py", line 88, in dispatch
    return handler(request, *args, **kwargs)
  File "/home/python/Desktop/work/job1/job1/apps/contents/views.py", line 12, in get
    return render(request, 'index.html')
  File "/home/python/.virtualenvs/work_virtual01/lib/python3.6/site-packages/django/shortcuts.py", line 30, in render
    content = loader.render_to_string(template_name, context, request, using=using)
  File "/home/python/.virtualenvs/work_virtual01/lib/python3.6/site-packages/django/template/loader.py", line 67, in render_to_string
    template = get_template(template_name, using=using)
  File "/home/python/.virtualenvs/work_virtual01/lib/python3.6/site-packages/django/template/loader.py", line 25, in get_template
    raise TemplateDoesNotExist(template_name, chain=chain)
django.template.exceptions.TemplateDoesNotExist: index.html
ERROR 2019-04-27 20:53:59,631 basehttp 124 "GET / HTTP/1.1" 500 92176
WARNING 2019-04-27 20:54:17,261 base 152 Not Found: /index
WARNING 2019-04-27 20:54:17,265 basehttp 124 "GET /index HTTP/1.1" 404 2282
INFO 2019-04-27 20:56:00,643 basehttp 124 "GET / HTTP/1.1" 200 25132
WARNING 2019-04-27 20:56:01,333 base 152 Not Found: /carts/simple/
WARNING 2019-04-27 20:56:01,334 basehttp 124 "GET /carts/simple/ HTTP/1.1" 404 2306
INFO 2019-04-27 20:56:01,435 basehttp 124 "GET / HTTP/1.1" 200 25132
WARNING 2019-04-27 20:56:02,609 base 152 Not Found: /carts/simple/
WARNING 2019-04-27 20:56:02,619 basehttp 124 "GET /carts/simple/ HTTP/1.1" 404 2306
INFO 2019-04-27 20:56:04,374 basehttp 124 "GET / HTTP/1.1" 200 25132
WARNING 2019-04-27 20:56:04,666 base 152 Not Found: /carts/simple/
WARNING 2019-04-27 20:56:04,668 basehttp 124 "GET /carts/simple/ HTTP/1.1" 404 2306
INFO 2019-04-27 21:19:34,440 basehttp 124 "GET / HTTP/1.1" 200 25132
WARNING 2019-04-27 21:19:34,763 base 152 Not Found: /carts/simple/
WARNING 2019-04-27 21:19:34,778 basehttp 124 "GET /carts/simple/ HTTP/1.1" 404 2306
INFO 2019-04-27 21:19:35,675 basehttp 124 "GET / HTTP/1.1" 200 25132
WARNING 2019-04-27 21:19:36,024 base 152 Not Found: /carts/simple/
WARNING 2019-04-27 21:19:36,027 basehttp 124 "GET /carts/simple/ HTTP/1.1" 404 2306
INFO 2019-04-27 21:19:36,248 basehttp 124 "GET / HTTP/1.1" 200 25132
WARNING 2019-04-27 21:19:36,492 base 152 Not Found: /carts/simple/
WARNING 2019-04-27 21:19:36,499 basehttp 124 "GET /carts/simple/ HTTP/1.1" 404 2306
WARNING 2019-04-27 21:24:40,759 basehttp 124 "GET /static/register.html HTTP/1.1" 404 1652
INFO 2019-04-27 21:27:14,955 basehttp 124 "GET /register/ HTTP/1.1" 200 3456
WARNING 2019-04-27 21:27:19,787 csrf 160 Forbidden (CSRF token missing or incorrect.): /register/
WARNING 2019-04-27 21:27:19,803 basehttp 124 "POST /register/ HTTP/1.1" 403 2497
